<?xml version="1.0" encoding="UTF-8"?>
<!-- Generated by org.testng.reporters.JUnitReportReporter -->
<testsuite hostname="DESKTOP-TV1J86N" failures="0" tests="1" name="Test.TestNG" time="0.018" errors="0" timestamp="2021-09-05T11:18:53 IST" skipped="0">
  <testcase classname="Test.TestNG" name="testngexamplee" time="0.018"/>
  <system-out/>
</testsuite> <!-- Test.TestNG -->
